2024-08-14 15:45:20,450 INFO: Footprint Matrix: {('c', 'c'): ' # ', ('c', 'b'): ' # ', ('c', 'f'): ' # ', ('c', 'd'): ' # ', ('c', 'a'): '<--', ('c', 'e'): '| |', ('c', 'g'): '-->', ('b', 'c'): ' # ', ('b', 'b'): ' # ', ('b', 'f'): '-->', ('b', 'd'): '-->', ('b', 'a'): ' # ', ('b', 'e'): ' # ', ('b', 'g'): ' # ', ('f', 'c'): ' # ', ('f', 'b'): '<--', ('f', 'f'): ' # ', ('f', 'd'): '| |', ('f', 'a'): ' # ', ('f', 'e'): ' # ', ('f', 'g'): '-->', ('d', 'c'): ' # ', ('d', 'b'): '<--', ('d', 'f'): '| |', ('d', 'd'): ' # ', ('d', 'a'): ' # ', ('d', 'e'): ' # ', ('d', 'g'): '-->', ('a', 'c'): '-->', ('a', 'b'): ' # ', ('a', 'f'): ' # ', ('a', 'd'): ' # ', ('a', 'a'): ' # ', ('a', 'e'): '-->', ('a', 'g'): ' # ', ('e', 'c'): '| |', ('e', 'b'): ' # ', ('e', 'f'): ' # ', ('e', 'd'): ' # ', ('e', 'a'): '<--', ('e', 'e'): ' # ', ('e', 'g'): '-->', ('g', 'c'): '<--', ('g', 'b'): ' # ', ('g', 'f'): '<--', ('g', 'd'): '<--', ('g', 'a'): ' # ', ('g', 'e'): '<--', ('g', 'g'): ' # '}
2024-08-14 15:45:20,453 INFO: Independent Sets: [{'c'}, {'b'}, {'f'}, {'d'}, {'a'}, {'e'}, {'g'}, {'c', 'b'}, {'c', 'f'}, {'c', 'd'}, {'a', 'b'}, {'b', 'e'}, {'g', 'b'}, {'a', 'f'}, {'f', 'e'}, {'d', 'a'}, {'d', 'e'}, {'g', 'a'}, {'g', 'a', 'b'}]
2024-08-14 15:45:20,453 INFO: Transitions: {(('a',), ('c',)): '-->', (('c',), ('e',)): '| |', (('c',), ('g',)): '-->', (('b',), ('f',)): '-->', (('b',), ('d',)): '-->', (('f',), ('d',)): '| |', (('f',), ('g',)): '-->', (('d',), ('g',)): '-->', (('a',), ('e',)): '-->', (('e',), ('g',)): '-->', (('c', 'f'), ('g',)): '-->', (('c', 'd'), ('g',)): '-->', (('f', 'e'), ('g',)): '-->', (('d', 'e'), ('g',)): '-->'}
2024-08-14 15:45:20,453 INFO: Maximal Sets: {(('a',), ('c',)): '-->', (('c',), ('e',)): '| |', (('b',), ('f',)): '-->', (('b',), ('d',)): '-->', (('f',), ('d',)): '| |', (('a',), ('e',)): '-->', (('c', 'f'), ('g',)): '-->', (('c', 'd'), ('g',)): '-->', (('f', 'e'), ('g',)): '-->', (('d', 'e'), ('g',)): '-->'}
2024-08-14 15:47:57,982 ERROR: An error occurred while processing file: log2.csv failed to execute PosixPath('dot'), make sure the Graphviz executables are on your systems' PATH
Traceback (most recent call last):
  File "/workspaces/process_mining/.venv/lib/python3.10/site-packages/graphviz/backend/execute.py", line 78, in run_check
    proc = subprocess.run(cmd, **kwargs)
  File "/usr/local/python/3.10.13/lib/python3.10/subprocess.py", line 503, in run
    with Popen(*popenargs, **kwargs) as process:
  File "/usr/local/python/3.10.13/lib/python3.10/subprocess.py", line 971, in __init__
    self._execute_child(args, executable, preexec_fn, close_fds,
  File "/usr/local/python/3.10.13/lib/python3.10/subprocess.py", line 1863, in _execute_child
    raise child_exception_type(errno_num, err_msg, err_filename)
FileNotFoundError: [Errno 2] No such file or directory: PosixPath('dot')

The above exception was the direct cause of the following exception:

Traceback (most recent call last):
  File "/workspaces/process_mining/frontend_streamlit_app.py", line 197, in start_analyser
    diagram_path = create_process_diagram(initial_events, final_events, nodes, filtered_transitions)
  File "/workspaces/process_mining/frontend_streamlit_app.py", line 160, in create_process_diagram
    dot.render(filename=file_path, format='png', cleanup=True)
  File "/workspaces/process_mining/.venv/lib/python3.10/site-packages/graphviz/_tools.py", line 171, in wrapper
    return func(*args, **kwargs)
  File "/workspaces/process_mining/.venv/lib/python3.10/site-packages/graphviz/rendering.py", line 122, in render
    rendered = self._render(*args, **kwargs)
  File "/workspaces/process_mining/.venv/lib/python3.10/site-packages/graphviz/_tools.py", line 171, in wrapper
    return func(*args, **kwargs)
  File "/workspaces/process_mining/.venv/lib/python3.10/site-packages/graphviz/backend/rendering.py", line 326, in render
    execute.run_check(cmd,
  File "/workspaces/process_mining/.venv/lib/python3.10/site-packages/graphviz/backend/execute.py", line 81, in run_check
    raise ExecutableNotFound(cmd) from e
graphviz.backend.execute.ExecutableNotFound: failed to execute PosixPath('dot'), make sure the Graphviz executables are on your systems' PATH

